2025-03-25 11:36:34,937 - root - INFO - 日志系统已初始化，日志文件: D:\documents\GitHub\folin_v2.0\py-xiaozhi-main\src\utils\..\..\logs\app.log
2025-03-25 11:36:36,308 - ConfigManager - INFO - MQTT服务器信息已更新
2025-03-25 11:36:36,318 - ConfigManager - INFO - MQTT信息已成功更新
2025-03-25 11:36:36,748 - Application - INFO - 唤醒词功能已禁用
2025-03-25 11:36:36,748 - Application - INFO - 唤醒词检测器初始化成功
2025-03-25 11:36:36,758 - Main - INFO - 应用程序已启动，按Ctrl+C退出
2025-03-25 11:36:36,859 - Application - INFO - 正在初始化应用程序...
2025-03-25 11:36:36,881 - MusicPlayer - INFO - 音乐播放器初始化完成
2025-03-25 11:36:36,881 - Application - INFO - 物联网设备初始化完成
2025-03-25 11:36:36,881 - Application - INFO - 主循环已启动
2025-03-25 11:36:37,188 - GuiDisplay - INFO - 音量控制器初始化成功，当前音量: 68%
2025-03-25 11:36:37,930 - AudioCodec - INFO - 使用默认设备: 鑰虫満 (2- EDIFIER W820NB 鍙岄噾鏍囩増) (Index: 1)
2025-03-25 11:36:37,930 - AudioCodec - INFO - 使用默认设备: 扬声器 (2- EDIFIER W820NB 双金标版) (Index: 13)
2025-03-25 11:36:37,954 - Display - INFO - 键盘监听器初始化成功
2025-03-25 11:36:37,955 - Display - INFO - 开始启动GUI主循环
2025-03-25 11:36:37,989 - AudioCodec - INFO - 音频设备和编解码器初始化成功
2025-03-25 11:36:37,990 - Application - INFO - 音频编解码器初始化成功
2025-03-25 11:36:37,992 - Application - INFO - 系统音量控制已启用
2025-03-25 11:36:37,992 - Application - INFO - 唤醒词功能已禁用
2025-03-25 11:36:37,992 - Application - INFO - 唤醒词检测器初始化成功
2025-03-25 11:36:37,993 - Application - INFO - 唤醒词功能已禁用，无法启动
2025-03-25 11:36:37,993 - Application - INFO - 应用程序初始化完成
2025-03-25 11:36:38,172 - Display - INFO - 设置音量: 68%
2025-03-25 11:36:44,878 - Application - INFO - 状态变更: idle -> connecting
2025-03-25 11:36:46,267 - Application - INFO - 音频通道已打开
2025-03-25 11:36:46,267 - WebsocketProtocol - INFO - 成功处理服务器 hello 消息
2025-03-25 11:36:46,267 - WebsocketProtocol - INFO - 已连接到WebSocket服务器
2025-03-25 11:36:46,267 - Application - INFO - 状态变更: connecting -> listening
2025-03-25 11:36:46,285 - Application - INFO - 状态变更: listening -> idle
2025-03-25 11:36:46,287 - Application - INFO - 音频流已启动
2025-03-25 11:36:51,202 - Application - INFO - 状态变更: idle -> connecting
2025-03-25 11:36:51,202 - Application - INFO - 状态变更: connecting -> listening
2025-03-25 11:36:53,593 - Application - INFO - 状态变更: listening -> idle
2025-03-25 11:36:53,730 - Application - INFO - >> 小知。
2025-03-25 11:36:53,741 - Application - INFO - 状态变更: idle -> speaking
2025-03-25 11:36:54,205 - Application - INFO - << 你好呀，怎么啦？
2025-03-25 11:36:56,034 - Application - INFO - 状态变更: speaking -> idle
2025-03-25 11:36:58,827 - Application - INFO - 对话模式已切换为: 自动
2025-03-25 11:37:02,257 - Application - INFO - 状态变更: idle -> connecting
2025-03-25 11:37:02,257 - Application - INFO - 状态变更: connecting -> listening
2025-03-25 11:37:06,377 - Application - INFO - >> 你好，致。
2025-03-25 11:37:06,387 - Application - INFO - 状态变更: listening -> speaking
2025-03-25 11:37:06,683 - Application - INFO - << 嗨，有什么事儿吗？
2025-03-25 11:37:08,332 - Application - INFO - 状态变更: speaking -> listening
2025-03-25 11:37:34,539 - Application - INFO - >> 没有。
2025-03-25 11:37:34,549 - Application - INFO - 状态变更: listening -> speaking
2025-03-25 11:37:34,816 - Application - INFO - << 那就好，最近过得怎么样？
2025-03-25 11:37:36,851 - Application - INFO - 状态变更: speaking -> listening
2025-03-25 11:37:43,540 - Display - INFO - 键盘监听器已停止
2025-03-25 11:49:17,901 - root - INFO - 日志系统已初始化，日志文件: D:\documents\GitHub\Folin-v3.0\py-folin\src\utils\..\..\logs\app.log
2025-03-25 11:49:19,177 - ConfigManager - INFO - MQTT服务器信息已更新
2025-03-25 11:49:19,178 - ConfigManager - INFO - MQTT信息已成功更新
2025-03-25 11:49:19,586 - Application - INFO - 唤醒词功能已禁用
2025-03-25 11:49:19,587 - Application - INFO - 唤醒词检测器初始化成功
2025-03-25 11:49:19,588 - Main - INFO - 应用程序已启动，按Ctrl+C退出
2025-03-25 11:49:19,696 - Application - INFO - 正在初始化应用程序...
2025-03-25 11:49:19,710 - MusicPlayer - INFO - 音乐播放器初始化完成
2025-03-25 11:49:19,711 - Application - INFO - 物联网设备初始化完成
2025-03-25 11:49:19,712 - Application - INFO - 主循环已启动
2025-03-25 11:49:20,059 - GuiDisplay - INFO - 音量控制器初始化成功，当前音量: 68%
2025-03-25 11:49:20,429 - AudioCodec - INFO - 使用默认设备: 鑰虫満 (2- EDIFIER W820NB 鍙岄噾鏍囩増) (Index: 1)
2025-03-25 11:49:20,429 - AudioCodec - INFO - 使用默认设备: 扬声器 (2- EDIFIER W820NB 双金标版) (Index: 13)
2025-03-25 11:49:20,504 - AudioCodec - INFO - 音频设备和编解码器初始化成功
2025-03-25 11:49:20,505 - Application - INFO - 音频编解码器初始化成功
2025-03-25 11:49:20,506 - Application - INFO - 系统音量控制未启用，将使用模拟音量控制
2025-03-25 11:49:20,506 - Application - INFO - 唤醒词功能已禁用
2025-03-25 11:49:20,507 - Application - INFO - 唤醒词检测器初始化成功
2025-03-25 11:49:20,507 - Application - INFO - 唤醒词功能已禁用，无法启动
2025-03-25 11:49:20,508 - Application - INFO - 应用程序初始化完成
2025-03-25 11:49:20,670 - Display - INFO - 键盘监听器初始化成功
2025-03-25 11:49:20,670 - Display - INFO - 开始启动GUI主循环
2025-03-25 11:49:20,892 - Display - INFO - 设置音量: 68%
2025-03-25 11:49:23,451 - Display - INFO - 键盘监听器已停止
2025-03-25 11:52:30,033 - root - INFO - 日志系统已初始化，日志文件: D:\documents\GitHub\Folin-v3.0\py-folin\src\utils\..\..\logs\app.log
2025-03-25 11:52:31,303 - ConfigManager - INFO - MQTT服务器信息已更新
2025-03-25 11:52:31,305 - ConfigManager - INFO - MQTT信息已成功更新
2025-03-25 11:52:31,490 - Application - INFO - 唤醒词功能已禁用
2025-03-25 11:52:31,491 - Application - INFO - 唤醒词检测器初始化成功
2025-03-25 11:52:31,492 - Main - INFO - 应用程序已启动，按Ctrl+C退出
2025-03-25 11:52:31,594 - Application - INFO - 正在初始化应用程序...
2025-03-25 11:52:31,606 - MusicPlayer - INFO - 音乐播放器初始化完成
2025-03-25 11:52:31,607 - Application - INFO - 物联网设备初始化完成
2025-03-25 11:52:31,608 - Application - INFO - 主循环已启动
2025-03-25 11:52:31,738 - GuiDisplay - INFO - 音量控制器初始化成功，当前音量: 68%
2025-03-25 11:52:32,204 - AudioCodec - INFO - 使用默认设备: 鑰虫満 (2- EDIFIER W820NB 鍙岄噾鏍囩増) (Index: 1)
2025-03-25 11:52:32,204 - AudioCodec - INFO - 使用默认设备: 扬声器 (2- EDIFIER W820NB 双金标版) (Index: 13)
2025-03-25 11:52:32,216 - Display - INFO - 键盘监听器初始化成功
2025-03-25 11:52:32,217 - Display - INFO - 开始启动GUI主循环
2025-03-25 11:52:32,251 - AudioCodec - INFO - 音频设备和编解码器初始化成功
2025-03-25 11:52:32,252 - Application - INFO - 音频编解码器初始化成功
2025-03-25 11:52:32,253 - Application - INFO - 系统音量控制已启用
2025-03-25 11:52:32,253 - Application - INFO - 唤醒词功能已禁用
2025-03-25 11:52:32,254 - Application - INFO - 唤醒词检测器初始化成功
2025-03-25 11:52:32,255 - Application - INFO - 唤醒词功能已禁用，无法启动
2025-03-25 11:52:32,255 - Application - INFO - 应用程序初始化完成
2025-03-25 11:52:32,425 - Display - INFO - 设置音量: 68%
2025-03-25 11:52:43,295 - Application - INFO - 状态变更: idle -> connecting
2025-03-25 11:52:53,302 - Application - ERROR - 打开音频通道时发生错误: 
2025-03-25 11:52:53,302 - Application - WARNING - 警告: 错误, 打开音频通道失败: 
2025-03-25 11:52:53,302 - Application - INFO - 状态变更: connecting -> idle
2025-03-25 11:52:53,351 - WebsocketProtocol - ERROR - 等待服务器hello响应超时
2025-03-25 11:52:53,352 - Application - INFO - 检测到连接断开
2025-03-25 11:52:53,352 - Application - INFO - 音频通道已关闭
2025-03-25 11:52:53,352 - Application - INFO - 在空闲状态下启动唤醒词检测
2025-03-25 11:52:53,352 - Application - INFO - 唤醒词功能已禁用，无法启动
2025-03-25 11:52:53,371 - Application - INFO - 音频流已停止
2025-03-25 11:52:59,061 - Application - INFO - 状态变更: idle -> connecting
2025-03-25 11:53:08,297 - Application - INFO - 中止语音输出，原因: wake_word_detected
2025-03-25 11:53:08,297 - Application - INFO - 状态变更: connecting -> idle
2025-03-25 11:53:08,297 - Application - INFO - 音频通道已关闭
2025-03-25 11:53:08,307 - Application - INFO - 在空闲状态下启动唤醒词检测
2025-03-25 11:53:08,308 - Application - INFO - 唤醒词功能已禁用，无法启动
2025-03-25 11:53:08,308 - Application - INFO - 检测到连接断开
2025-03-25 11:53:09,061 - WebsocketProtocol - ERROR - 等待服务器hello响应超时
2025-03-25 11:53:09,061 - Application - INFO - 检测到连接断开
2025-03-25 11:53:09,061 - Application - WARNING - 警告: 错误, 打开音频通道失败
2025-03-25 11:53:09,080 - Application - INFO - 音频流已停止
2025-03-25 11:53:34,568 - Display - INFO - 键盘监听器已停止
2025-03-25 11:56:44,203 - root - INFO - 日志系统已初始化，日志文件: D:\documents\GitHub\Folin-v3.0\py-folin\src\utils\..\..\logs\app.log
2025-03-25 11:56:45,444 - ConfigManager - INFO - MQTT服务器信息已更新
2025-03-25 11:56:45,444 - ConfigManager - INFO - MQTT信息已成功更新
2025-03-25 11:56:45,622 - Application - INFO - 唤醒词功能已禁用
2025-03-25 11:56:45,622 - Application - INFO - 唤醒词检测器初始化成功
2025-03-25 11:56:45,622 - Main - INFO - 应用程序已启动，按Ctrl+C退出
2025-03-25 11:56:45,723 - Application - INFO - 正在初始化应用程序...
2025-03-25 11:56:45,733 - MusicPlayer - INFO - 音乐播放器初始化完成
2025-03-25 11:56:45,733 - Application - INFO - 物联网设备初始化完成
2025-03-25 11:56:45,737 - Application - INFO - 主循环已启动
2025-03-25 11:56:45,872 - GuiDisplay - INFO - 音量控制器初始化成功，当前音量: 68%
2025-03-25 11:56:46,322 - AudioCodec - INFO - 使用默认设备: 鑰虫満 (2- EDIFIER W820NB 鍙岄噾鏍囩増) (Index: 1)
2025-03-25 11:56:46,322 - AudioCodec - INFO - 使用默认设备: 扬声器 (2- EDIFIER W820NB 双金标版) (Index: 13)
2025-03-25 11:56:46,332 - Display - INFO - 键盘监听器初始化成功
2025-03-25 11:56:46,332 - Display - INFO - 开始启动GUI主循环
2025-03-25 11:56:46,370 - AudioCodec - INFO - 音频设备和编解码器初始化成功
2025-03-25 11:56:46,371 - Application - INFO - 音频编解码器初始化成功
2025-03-25 11:56:46,371 - Application - INFO - 系统音量控制已启用
2025-03-25 11:56:46,372 - Application - INFO - 唤醒词功能已禁用
2025-03-25 11:56:46,372 - Application - INFO - 唤醒词检测器初始化成功
2025-03-25 11:56:46,373 - Application - INFO - 唤醒词功能已禁用，无法启动
2025-03-25 11:56:46,373 - Application - INFO - 应用程序初始化完成
2025-03-25 11:56:46,554 - Display - INFO - 设置音量: 68%
2025-03-25 11:56:50,815 - Application - INFO - 状态变更: idle -> connecting
2025-03-25 11:57:00,824 - Application - ERROR - 打开音频通道时发生错误: 
2025-03-25 11:57:00,824 - Application - WARNING - 警告: 错误, 打开音频通道失败: 
2025-03-25 11:57:00,824 - Application - INFO - 状态变更: connecting -> idle
2025-03-25 11:57:00,842 - WebsocketProtocol - ERROR - 等待服务器hello响应超时
2025-03-25 11:57:00,842 - Application - INFO - 状态变更: idle -> connecting
2025-03-25 11:57:00,843 - Application - INFO - 状态变更: connecting -> idle
2025-03-25 11:57:00,844 - Application - INFO - 检测到连接断开
2025-03-25 11:57:00,845 - Application - INFO - 音频通道已关闭
2025-03-25 11:57:00,845 - Application - INFO - 在空闲状态下启动唤醒词检测
2025-03-25 11:57:00,845 - Application - INFO - 唤醒词功能已禁用，无法启动
2025-03-25 11:57:09,003 - Display - INFO - 键盘监听器已停止
2025-03-25 11:57:52,570 - root - INFO - 日志系统已初始化，日志文件: D:\documents\GitHub\Folin-v3.0\py-folin\src\utils\..\..\logs\app.log
2025-03-25 11:57:53,823 - ConfigManager - INFO - MQTT服务器信息已更新
2025-03-25 11:57:53,825 - ConfigManager - INFO - MQTT信息已成功更新
2025-03-25 11:57:53,999 - Application - INFO - 唤醒词功能已禁用
2025-03-25 11:57:54,000 - Application - INFO - 唤醒词检测器初始化成功
2025-03-25 11:57:54,001 - Main - INFO - 应用程序已启动，按Ctrl+C退出
2025-03-25 11:57:54,113 - Application - INFO - 正在初始化应用程序...
2025-03-25 11:57:54,126 - MusicPlayer - INFO - 音乐播放器初始化完成
2025-03-25 11:57:54,127 - Application - INFO - 物联网设备初始化完成
2025-03-25 11:57:54,128 - Application - INFO - 主循环已启动
2025-03-25 11:57:54,262 - GuiDisplay - INFO - 音量控制器初始化成功，当前音量: 68%
2025-03-25 11:57:54,710 - AudioCodec - INFO - 使用默认设备: 鑰虫満 (2- EDIFIER W820NB 鍙岄噾鏍囩増) (Index: 1)
2025-03-25 11:57:54,710 - AudioCodec - INFO - 使用默认设备: 扬声器 (2- EDIFIER W820NB 双金标版) (Index: 13)
2025-03-25 11:57:54,736 - Display - INFO - 键盘监听器初始化成功
2025-03-25 11:57:54,738 - Display - INFO - 开始启动GUI主循环
2025-03-25 11:57:54,754 - AudioCodec - INFO - 音频设备和编解码器初始化成功
2025-03-25 11:57:54,755 - Application - INFO - 音频编解码器初始化成功
2025-03-25 11:57:54,756 - Application - INFO - 系统音量控制已启用
2025-03-25 11:57:54,756 - Application - INFO - 唤醒词功能已禁用
2025-03-25 11:57:54,756 - Application - INFO - 唤醒词检测器初始化成功
2025-03-25 11:57:54,756 - Application - INFO - 唤醒词功能已禁用，无法启动
2025-03-25 11:57:54,759 - Application - INFO - 应用程序初始化完成
2025-03-25 11:57:54,962 - Display - INFO - 设置音量: 68%
2025-03-25 11:57:57,356 - Application - INFO - 状态变更: idle -> connecting
2025-03-25 11:57:57,404 - Application - INFO - 音频通道已打开
2025-03-25 11:57:57,404 - WebsocketProtocol - INFO - 成功处理服务器 hello 消息
2025-03-25 11:57:57,405 - WebsocketProtocol - INFO - 已连接到WebSocket服务器
2025-03-25 11:57:57,406 - Application - INFO - 状态变更: connecting -> listening
2025-03-25 11:57:57,425 - Application - INFO - 音频流已启动
2025-03-25 11:57:58,114 - Application - INFO - 音频通道已打开
2025-03-25 11:57:58,115 - WebsocketProtocol - INFO - 成功处理服务器 hello 消息
2025-03-25 11:57:58,130 - Application - INFO - 音频流已启动
2025-03-25 11:57:59,030 - Application - INFO - 状态变更: listening -> idle
2025-03-25 11:58:05,450 - Application - INFO - 状态变更: idle -> connecting
2025-03-25 11:58:05,450 - Application - INFO - 状态变更: connecting -> listening
2025-03-25 11:58:07,575 - Application - INFO - 状态变更: listening -> idle
2025-03-25 11:58:10,147 - Application - INFO - >> 你好，福利
2025-03-25 11:58:10,157 - Application - INFO - 状态变更: idle -> speaking
2025-03-25 11:58:13,460 - Application - INFO - << 嗨，福利啊
2025-03-25 11:58:15,359 - Application - INFO - << 香港天气怎么样？
2025-03-25 11:58:17,354 - Application - INFO - << 机车吗？
2025-03-25 11:58:18,760 - Application - INFO - 状态变更: speaking -> idle
2025-03-25 11:58:35,535 - Application - INFO - 中止语音输出，原因: wake_word_detected
2025-03-25 11:58:37,761 - Display - INFO - 键盘监听器已停止
2025-03-25 12:00:27,233 - root - INFO - 日志系统已初始化，日志文件: D:\documents\GitHub\Folin-v3.0\py-folin\src\utils\..\..\logs\app.log
2025-03-25 12:00:28,475 - ConfigManager - INFO - MQTT服务器信息已更新
2025-03-25 12:00:28,477 - ConfigManager - INFO - MQTT信息已成功更新
2025-03-25 12:00:28,644 - Application - INFO - 唤醒词功能已禁用
2025-03-25 12:00:28,644 - Application - INFO - 唤醒词检测器初始化成功
2025-03-25 12:00:28,644 - Main - INFO - 应用程序已启动，按Ctrl+C退出
2025-03-25 12:00:28,745 - Application - INFO - 正在初始化应用程序...
2025-03-25 12:00:28,758 - MusicPlayer - INFO - 音乐播放器初始化完成
2025-03-25 12:00:28,758 - Application - INFO - 物联网设备初始化完成
2025-03-25 12:00:28,759 - Application - INFO - 主循环已启动
2025-03-25 12:00:28,884 - GuiDisplay - INFO - 音量控制器初始化成功，当前音量: 68%
2025-03-25 12:00:29,354 - AudioCodec - INFO - 使用默认设备: 鑰虫満 (2- EDIFIER W820NB 鍙岄噾鏍囩増) (Index: 1)
2025-03-25 12:00:29,354 - AudioCodec - INFO - 使用默认设备: 扬声器 (2- EDIFIER W820NB 双金标版) (Index: 13)
2025-03-25 12:00:29,370 - Display - INFO - 键盘监听器初始化成功
2025-03-25 12:00:29,370 - Display - INFO - 开始启动GUI主循环
2025-03-25 12:00:29,391 - AudioCodec - INFO - 音频设备和编解码器初始化成功
2025-03-25 12:00:29,392 - Application - INFO - 音频编解码器初始化成功
2025-03-25 12:00:29,393 - Application - INFO - 系统音量控制已启用
2025-03-25 12:00:29,393 - Application - INFO - 唤醒词功能已禁用
2025-03-25 12:00:29,394 - Application - INFO - 唤醒词检测器初始化成功
2025-03-25 12:00:29,395 - Application - INFO - 唤醒词功能已禁用，无法启动
2025-03-25 12:00:29,395 - Application - INFO - 应用程序初始化完成
2025-03-25 12:00:29,588 - Display - INFO - 设置音量: 68%
2025-03-25 12:00:32,513 - Application - INFO - 状态变更: idle -> connecting
2025-03-25 12:00:32,554 - Application - INFO - 音频通道已打开
2025-03-25 12:00:32,554 - WebsocketProtocol - INFO - 成功处理服务器 hello 消息
2025-03-25 12:00:32,554 - WebsocketProtocol - INFO - 已连接到WebSocket服务器
2025-03-25 12:00:32,562 - Application - INFO - 状态变更: connecting -> listening
2025-03-25 12:00:32,578 - Application - INFO - 音频流已启动
2025-03-25 12:00:32,578 - Application - INFO - 状态变更: listening -> idle
2025-03-25 12:00:33,125 - Application - INFO - 音频通道已打开
2025-03-25 12:00:33,125 - WebsocketProtocol - INFO - 成功处理服务器 hello 消息
2025-03-25 12:00:33,130 - Application - INFO - 音频流已启动
2025-03-25 12:00:37,656 - Application - INFO - 状态变更: idle -> connecting
2025-03-25 12:00:37,656 - Application - INFO - 状态变更: connecting -> listening
2025-03-25 12:00:41,013 - Application - INFO - 状态变更: listening -> idle
2025-03-25 12:00:43,567 - Application - INFO - >> 你好，茯苓
2025-03-25 12:00:43,577 - Application - INFO - 状态变更: idle -> speaking
2025-03-25 12:00:46,965 - Application - INFO - << 哈喽～在香港啊，这城市好玩吗？
2025-03-25 12:00:50,308 - Application - INFO - 状态变更: speaking -> idle
2025-03-25 12:00:56,779 - Display - INFO - 键盘监听器已停止
2025-03-25 12:24:27,783 - root - INFO - 日志系统已初始化，日志文件: D:\documents\GitHub\Folin-v3.0\py-folin\src\utils\..\..\logs\app.log
2025-03-25 12:24:29,032 - ConfigManager - INFO - MQTT服务器信息已更新
2025-03-25 12:24:29,032 - ConfigManager - INFO - MQTT信息已成功更新
2025-03-25 12:24:29,211 - Application - INFO - 唤醒词功能已禁用
2025-03-25 12:24:29,211 - Application - INFO - 唤醒词检测器初始化成功
2025-03-25 12:24:29,211 - Main - INFO - 应用程序已启动，按Ctrl+C退出
2025-03-25 12:24:29,320 - Application - INFO - 正在初始化应用程序...
2025-03-25 12:24:29,333 - MusicPlayer - INFO - 音乐播放器初始化完成
2025-03-25 12:24:29,334 - Application - INFO - 物联网设备初始化完成
2025-03-25 12:24:29,334 - Application - INFO - 主循环已启动
2025-03-25 12:24:29,471 - GuiDisplay - INFO - 音量控制器初始化成功，当前音量: 68%
2025-03-25 12:24:29,984 - AudioCodec - INFO - 使用默认设备: 鑰虫満 (2- EDIFIER W820NB 鍙岄噾鏍囩増) (Index: 1)
2025-03-25 12:24:29,984 - AudioCodec - INFO - 使用默认设备: 扬声器 (2- EDIFIER W820NB 双金标版) (Index: 13)
2025-03-25 12:24:30,006 - Display - INFO - 键盘监听器初始化成功
2025-03-25 12:24:30,008 - Display - INFO - 开始启动GUI主循环
2025-03-25 12:24:30,066 - AudioCodec - INFO - 音频设备和编解码器初始化成功
2025-03-25 12:24:30,067 - Application - INFO - 音频编解码器初始化成功
2025-03-25 12:24:30,067 - Application - INFO - 系统音量控制已启用
2025-03-25 12:24:30,068 - Application - INFO - 唤醒词功能已禁用
2025-03-25 12:24:30,068 - Application - INFO - 唤醒词检测器初始化成功
2025-03-25 12:24:30,069 - Application - INFO - 唤醒词功能已禁用，无法启动
2025-03-25 12:24:30,069 - Application - INFO - 应用程序初始化完成
2025-03-25 12:24:30,214 - Display - INFO - 设置音量: 68%
2025-03-25 12:24:38,813 - Application - INFO - 状态变更: idle -> connecting
2025-03-25 12:24:38,850 - Application - INFO - 音频通道已打开
2025-03-25 12:24:38,860 - WebsocketProtocol - INFO - 成功处理服务器 hello 消息
2025-03-25 12:24:38,860 - WebsocketProtocol - INFO - 已连接到WebSocket服务器
2025-03-25 12:24:38,860 - Application - INFO - 状态变更: connecting -> listening
2025-03-25 12:24:38,876 - Application - INFO - 音频流已启动
2025-03-25 12:24:40,831 - Application - INFO - 音频通道已打开
2025-03-25 12:24:40,832 - WebsocketProtocol - INFO - 成功处理服务器 hello 消息
2025-03-25 12:24:40,843 - Application - INFO - 音频流已启动
2025-03-25 12:24:41,520 - Application - INFO - 状态变更: listening -> idle
2025-03-25 12:24:43,416 - Application - INFO - >> 你好狐狸
2025-03-25 12:24:43,425 - Application - INFO - 状态变更: idle -> speaking
2025-03-25 12:24:45,690 - Application - INFO - << 欸，我叫茯苓啦，不是狐狸
2025-03-25 12:24:49,194 - Application - INFO - << 你是不是认错人了
2025-03-25 12:24:51,748 - Application - INFO - 状态变更: speaking -> idle
2025-03-25 12:24:55,252 - Display - INFO - 键盘监听器已停止
2025-03-25 12:27:22,124 - root - INFO - 日志系统已初始化，日志文件: D:\documents\GitHub\Folin-v3.0\py-folin\src\utils\..\..\logs\app.log
2025-03-25 12:27:23,390 - ConfigManager - INFO - MQTT服务器信息已更新
2025-03-25 12:27:23,392 - ConfigManager - INFO - MQTT信息已成功更新
2025-03-25 12:27:23,618 - Application - INFO - 唤醒词功能已禁用
2025-03-25 12:27:23,619 - Application - INFO - 唤醒词检测器初始化成功
2025-03-25 12:27:23,619 - Main - INFO - 应用程序已启动，按Ctrl+C退出
2025-03-25 12:27:23,727 - Application - INFO - 正在初始化应用程序...
2025-03-25 12:27:23,741 - MusicPlayer - INFO - 音乐播放器初始化完成
2025-03-25 12:27:23,741 - Application - INFO - 物联网设备初始化完成
2025-03-25 12:27:23,742 - Application - INFO - 主循环已启动
2025-03-25 12:27:23,864 - GuiDisplay - INFO - 音量控制器初始化成功，当前音量: 68%
2025-03-25 12:27:24,343 - AudioCodec - INFO - 使用默认设备: 鑰虫満 (2- EDIFIER W820NB 鍙岄噾鏍囩増) (Index: 1)
2025-03-25 12:27:24,353 - AudioCodec - INFO - 使用默认设备: 扬声器 (2- EDIFIER W820NB 双金标版) (Index: 13)
2025-03-25 12:27:24,379 - Display - INFO - 键盘监听器初始化成功
2025-03-25 12:27:24,381 - Display - INFO - 开始启动GUI主循环
2025-03-25 12:27:24,385 - AudioCodec - INFO - 音频设备和编解码器初始化成功
2025-03-25 12:27:24,391 - Application - INFO - 音频编解码器初始化成功
2025-03-25 12:27:24,392 - Application - INFO - 系统音量控制已启用
2025-03-25 12:27:24,392 - Application - INFO - 唤醒词功能已禁用
2025-03-25 12:27:24,393 - Application - INFO - 唤醒词检测器初始化成功
2025-03-25 12:27:24,394 - Application - INFO - 唤醒词功能已禁用，无法启动
2025-03-25 12:27:24,394 - Application - INFO - 应用程序初始化完成
2025-03-25 12:27:24,597 - Display - INFO - 设置音量: 68%
2025-03-25 12:27:28,044 - Application - INFO - 状态变更: idle -> connecting
2025-03-25 12:27:28,084 - Application - INFO - 音频通道已打开
2025-03-25 12:27:28,084 - WebsocketProtocol - INFO - 成功处理服务器 hello 消息
2025-03-25 12:27:28,094 - WebsocketProtocol - INFO - 已连接到WebSocket服务器
2025-03-25 12:27:28,094 - Application - INFO - 状态变更: connecting -> listening
2025-03-25 12:27:28,111 - Application - INFO - 音频流已启动
2025-03-25 12:27:29,030 - Application - INFO - 音频通道已打开
2025-03-25 12:27:29,031 - WebsocketProtocol - INFO - 成功处理服务器 hello 消息
2025-03-25 12:27:29,047 - Application - INFO - 音频流已启动
2025-03-25 12:27:31,592 - Application - INFO - 状态变更: listening -> idle
2025-03-25 12:27:33,494 - Application - INFO - >> 你好，茯苓
2025-03-25 12:27:33,504 - Application - INFO - 状态变更: idle -> speaking
2025-03-25 12:27:36,104 - Application - INFO - << 吼，咋啦，听起来心情不太好欸
2025-03-25 12:27:40,768 - Application - INFO - 状态变更: speaking -> idle
2025-03-25 12:27:45,614 - Display - INFO - 键盘监听器已停止
2025-03-25 12:37:48,870 - root - INFO - 日志系统已初始化，日志文件: D:\documents\GitHub\Folin-v3.0\py-folin\src\utils\..\..\logs\app.log
2025-03-25 12:37:50,161 - ConfigManager - INFO - MQTT服务器信息已更新
2025-03-25 12:37:50,161 - ConfigManager - INFO - MQTT信息已成功更新
2025-03-25 12:37:50,340 - Application - INFO - 唤醒词功能已禁用
2025-03-25 12:37:50,340 - Application - INFO - 唤醒词检测器初始化成功
2025-03-25 12:37:50,340 - Main - INFO - 应用程序已启动，按Ctrl+C退出
2025-03-25 12:37:50,440 - Application - INFO - 正在初始化应用程序...
2025-03-25 12:37:50,453 - MusicPlayer - INFO - 音乐播放器初始化完成
2025-03-25 12:37:50,454 - Application - INFO - 物联网设备初始化完成
2025-03-25 12:37:50,454 - Application - INFO - 主循环已启动
2025-03-25 12:37:50,581 - GuiDisplay - INFO - 音量控制器初始化成功，当前音量: 68%
2025-03-25 12:37:51,090 - AudioCodec - INFO - 使用默认设备: 鑰虫満 (2- EDIFIER W820NB 鍙岄噾鏍囩増) (Index: 1)
2025-03-25 12:37:51,090 - AudioCodec - INFO - 使用默认设备: 扬声器 (2- EDIFIER W820NB 双金标版) (Index: 13)
2025-03-25 12:37:51,126 - Display - INFO - 键盘监听器初始化成功
2025-03-25 12:37:51,127 - Display - INFO - 开始启动GUI主循环
2025-03-25 12:37:51,167 - AudioCodec - INFO - 音频设备和编解码器初始化成功
2025-03-25 12:37:51,168 - Application - INFO - 音频编解码器初始化成功
2025-03-25 12:37:51,168 - Application - INFO - 系统音量控制已启用
2025-03-25 12:37:51,169 - Application - INFO - 唤醒词功能已禁用
2025-03-25 12:37:51,170 - Application - INFO - 唤醒词检测器初始化成功
2025-03-25 12:37:51,170 - Application - INFO - 唤醒词功能已禁用，无法启动
2025-03-25 12:37:51,171 - Application - INFO - 应用程序初始化完成
2025-03-25 12:37:51,340 - Display - INFO - 设置音量: 68%
2025-03-25 12:37:56,112 - Application - INFO - 状态变更: idle -> connecting
2025-03-25 12:37:56,160 - Application - INFO - 音频通道已打开
2025-03-25 12:37:56,160 - WebsocketProtocol - INFO - 成功处理服务器 hello 消息
2025-03-25 12:37:56,160 - WebsocketProtocol - INFO - 已连接到WebSocket服务器
2025-03-25 12:37:56,160 - Application - INFO - 状态变更: connecting -> listening
2025-03-25 12:37:56,184 - Application - INFO - 音频流已启动
2025-03-25 12:37:58,131 - Application - INFO - 音频通道已打开
2025-03-25 12:37:58,131 - WebsocketProtocol - INFO - 成功处理服务器 hello 消息
2025-03-25 12:37:58,148 - Application - INFO - 音频流已启动
2025-03-25 12:37:59,120 - Application - INFO - 状态变更: listening -> idle
2025-03-25 12:38:01,102 - Application - INFO - >> 你好
2025-03-25 12:38:01,121 - Application - INFO - 状态变更: idle -> speaking
2025-03-25 12:38:05,239 - Application - INFO - << 你好啦~咋啦，听起来心情不太好欸
2025-03-25 12:38:10,014 - Application - INFO - 状态变更: speaking -> idle
2025-03-25 12:38:24,259 - WebsocketProtocol - INFO - WebSocket连接已关闭
2025-03-25 12:38:24,259 - Application - INFO - 音频通道已关闭
2025-03-25 12:38:24,259 - Application - INFO - 在空闲状态下启动唤醒词检测
2025-03-25 12:38:24,259 - Application - INFO - 唤醒词功能已禁用，无法启动
2025-03-25 12:38:24,269 - Application - INFO - 音频流已停止
2025-03-25 12:40:27,717 - Main - INFO - 接收到中断信号，正在关闭...
2025-03-25 12:40:27,717 - Application - INFO - 正在关闭应用程序...
2025-03-25 12:40:27,717 - AudioCodec - INFO - 开始关闭音频编解码器...
2025-03-25 12:40:27,722 - AudioCodec - INFO - 音频编解码器关闭完成
2025-03-25 12:40:27,722 - Application - INFO - 音频通道已关闭
2025-03-25 12:40:27,722 - Application - INFO - 在空闲状态下启动唤醒词检测
2025-03-25 12:40:27,722 - Application - INFO - 唤醒词功能已禁用，无法启动
2025-03-25 12:40:27,726 - Application - INFO - 应用程序已关闭
2025-03-25 12:40:30,114 - root - INFO - 日志系统已初始化，日志文件: D:\documents\GitHub\Folin-v3.0\py-folin\src\utils\..\..\logs\app.log
2025-03-25 12:40:31,370 - ConfigManager - INFO - MQTT服务器信息已更新
2025-03-25 12:40:31,371 - ConfigManager - INFO - MQTT信息已成功更新
2025-03-25 12:40:31,550 - Application - INFO - 唤醒词功能已禁用
2025-03-25 12:40:31,551 - Application - INFO - 唤醒词检测器初始化成功
2025-03-25 12:40:31,551 - Main - INFO - 应用程序已启动，按Ctrl+C退出
2025-03-25 12:40:31,655 - Application - INFO - 正在初始化应用程序...
2025-03-25 12:40:31,669 - MusicPlayer - INFO - 音乐播放器初始化完成
2025-03-25 12:40:31,671 - Application - INFO - 物联网设备初始化完成
2025-03-25 12:40:31,672 - Application - INFO - 主循环已启动
2025-03-25 12:40:31,795 - GuiDisplay - INFO - 音量控制器初始化成功，当前音量: 68%
2025-03-25 12:40:32,254 - AudioCodec - INFO - 使用默认设备: 鑰虫満 (2- EDIFIER W820NB 鍙岄噾鏍囩増) (Index: 1)
2025-03-25 12:40:32,254 - AudioCodec - INFO - 使用默认设备: 扬声器 (2- EDIFIER W820NB 双金标版) (Index: 13)
2025-03-25 12:40:32,275 - Display - INFO - 键盘监听器初始化成功
2025-03-25 12:40:32,275 - Display - INFO - 开始启动GUI主循环
2025-03-25 12:40:32,294 - AudioCodec - INFO - 音频设备和编解码器初始化成功
2025-03-25 12:40:32,296 - Application - INFO - 音频编解码器初始化成功
2025-03-25 12:40:32,296 - Application - INFO - 系统音量控制已启用
2025-03-25 12:40:32,297 - Application - INFO - 唤醒词功能已禁用
2025-03-25 12:40:32,297 - Application - INFO - 唤醒词检测器初始化成功
2025-03-25 12:40:32,298 - Application - INFO - 唤醒词功能已禁用，无法启动
2025-03-25 12:40:32,298 - Application - INFO - 应用程序初始化完成
2025-03-25 12:40:32,488 - Display - INFO - 设置音量: 68%
2025-03-25 12:40:39,326 - Application - INFO - 状态变更: idle -> connecting
2025-03-25 12:40:39,377 - Application - INFO - 音频通道已打开
2025-03-25 12:40:39,378 - WebsocketProtocol - INFO - 成功处理服务器 hello 消息
2025-03-25 12:40:39,379 - WebsocketProtocol - INFO - 已连接到WebSocket服务器
2025-03-25 12:40:39,380 - Application - INFO - 状态变更: connecting -> listening
2025-03-25 12:40:39,408 - Application - INFO - 音频流已启动
2025-03-25 12:40:40,540 - Application - INFO - 音频通道已打开
2025-03-25 12:40:40,540 - WebsocketProtocol - INFO - 成功处理服务器 hello 消息
2025-03-25 12:40:40,553 - Application - INFO - 音频流已启动
2025-03-25 12:40:42,205 - Application - INFO - 状态变更: listening -> idle
2025-03-25 12:40:44,256 - Application - INFO - >> 记号茯苓
2025-03-25 12:40:44,274 - Application - INFO - 状态变更: idle -> speaking
2025-03-25 12:40:46,658 - Application - INFO - << 蛤？
2025-03-25 12:40:47,710 - Application - INFO - << 我叫茯苓啦，你是要跟我聊啥啦？
2025-03-25 12:40:50,801 - Application - INFO - 状态变更: speaking -> idle
2025-03-25 12:40:55,763 - Display - INFO - 键盘监听器已停止
2025-03-25 12:42:54,868 - root - INFO - 日志系统已初始化，日志文件: D:\documents\GitHub\Folin-v3.0\py-folin\src\utils\..\..\logs\app.log
2025-03-25 12:42:56,179 - ConfigManager - INFO - MQTT服务器信息已更新
2025-03-25 12:42:56,189 - ConfigManager - INFO - MQTT信息已成功更新
2025-03-25 12:42:56,358 - Application - INFO - 唤醒词功能已禁用
2025-03-25 12:42:56,358 - Application - INFO - 唤醒词检测器初始化成功
2025-03-25 12:42:56,358 - Main - INFO - 应用程序已启动，按Ctrl+C退出
2025-03-25 12:42:56,460 - Application - INFO - 正在初始化应用程序...
2025-03-25 12:42:56,473 - MusicPlayer - INFO - 音乐播放器初始化完成
2025-03-25 12:42:56,474 - Application - INFO - 物联网设备初始化完成
2025-03-25 12:42:56,475 - Application - INFO - 主循环已启动
2025-03-25 12:42:56,599 - GuiDisplay - INFO - 音量控制器初始化成功，当前音量: 68%
2025-03-25 12:42:57,068 - AudioCodec - INFO - 使用默认设备: 鑰虫満 (2- EDIFIER W820NB 鍙岄噾鏍囩増) (Index: 1)
2025-03-25 12:42:57,068 - AudioCodec - INFO - 使用默认设备: 扬声器 (2- EDIFIER W820NB 双金标版) (Index: 13)
2025-03-25 12:42:57,081 - Display - INFO - 键盘监听器初始化成功
2025-03-25 12:42:57,082 - Display - INFO - 开始启动GUI主循环
2025-03-25 12:42:57,102 - AudioCodec - INFO - 音频设备和编解码器初始化成功
2025-03-25 12:42:57,103 - Application - INFO - 音频编解码器初始化成功
2025-03-25 12:42:57,104 - Application - INFO - 系统音量控制已启用
2025-03-25 12:42:57,104 - Application - INFO - 唤醒词功能已禁用
2025-03-25 12:42:57,105 - Application - INFO - 唤醒词检测器初始化成功
2025-03-25 12:42:57,106 - Application - INFO - 唤醒词功能已禁用，无法启动
2025-03-25 12:42:57,106 - Application - INFO - 应用程序初始化完成
2025-03-25 12:42:57,301 - Display - INFO - 设置音量: 68%
2025-03-25 12:43:01,359 - Display - INFO - 键盘监听器已停止
2025-03-25 12:43:15,490 - root - INFO - 日志系统已初始化，日志文件: D:\documents\GitHub\Folin-v3.0\py-folin\src\utils\..\..\logs\app.log
2025-03-25 12:43:16,739 - ConfigManager - INFO - MQTT服务器信息已更新
2025-03-25 12:43:16,739 - ConfigManager - INFO - MQTT信息已成功更新
2025-03-25 12:43:16,917 - Application - INFO - 唤醒词功能已禁用
2025-03-25 12:43:16,917 - Application - INFO - 唤醒词检测器初始化成功
2025-03-25 12:43:16,917 - Main - INFO - 应用程序已启动，按Ctrl+C退出
2025-03-25 12:43:17,021 - Application - INFO - 正在初始化应用程序...
2025-03-25 12:43:17,034 - MusicPlayer - INFO - 音乐播放器初始化完成
2025-03-25 12:43:17,034 - Application - INFO - 物联网设备初始化完成
2025-03-25 12:43:17,035 - Application - INFO - 主循环已启动
2025-03-25 12:43:17,158 - GuiDisplay - INFO - 音量控制器初始化成功，当前音量: 68%
2025-03-25 12:43:17,668 - AudioCodec - INFO - 使用默认设备: 鑰虫満 (2- EDIFIER W820NB 鍙岄噾鏍囩増) (Index: 1)
2025-03-25 12:43:17,668 - AudioCodec - INFO - 使用默认设备: 扬声器 (2- EDIFIER W820NB 双金标版) (Index: 13)
2025-03-25 12:43:17,678 - Display - INFO - 键盘监听器初始化成功
2025-03-25 12:43:17,684 - Display - INFO - 开始启动GUI主循环
2025-03-25 12:43:17,714 - AudioCodec - INFO - 音频设备和编解码器初始化成功
2025-03-25 12:43:17,715 - Application - INFO - 音频编解码器初始化成功
2025-03-25 12:43:17,715 - Application - INFO - 系统音量控制已启用
2025-03-25 12:43:17,716 - Application - INFO - 唤醒词功能已禁用
2025-03-25 12:43:17,717 - Application - INFO - 唤醒词检测器初始化成功
2025-03-25 12:43:17,717 - Application - INFO - 唤醒词功能已禁用，无法启动
2025-03-25 12:43:17,718 - Application - INFO - 应用程序初始化完成
2025-03-25 12:43:17,890 - Display - INFO - 设置音量: 68%
2025-03-25 12:43:20,278 - Display - INFO - 键盘监听器已停止
2025-03-25 12:52:28,737 - root - INFO - 日志系统已初始化，日志文件: D:\documents\GitHub\Folin-v3.0\py-folin\src\utils\..\..\logs\app.log
2025-03-25 12:52:29,984 - ConfigManager - INFO - MQTT服务器信息已更新
2025-03-25 12:52:29,986 - ConfigManager - INFO - MQTT信息已成功更新
2025-03-25 12:52:30,168 - Application - INFO - 唤醒词功能已禁用
2025-03-25 12:52:30,168 - Application - INFO - 唤醒词检测器初始化成功
2025-03-25 12:52:30,168 - Main - INFO - 应用程序已启动，按Ctrl+C退出
2025-03-25 12:52:30,278 - Application - INFO - 正在初始化应用程序...
2025-03-25 12:52:30,292 - MusicPlayer - INFO - 音乐播放器初始化完成
2025-03-25 12:52:30,293 - Application - INFO - 物联网设备初始化完成
2025-03-25 12:52:30,294 - Application - INFO - 主循环已启动
2025-03-25 12:52:30,417 - GuiDisplay - INFO - 音量控制器初始化成功，当前音量: 68%
2025-03-25 12:52:30,897 - AudioCodec - INFO - 使用默认设备: 鑰虫満 (2- EDIFIER W820NB 鍙岄噾鏍囩増) (Index: 1)
2025-03-25 12:52:30,897 - AudioCodec - INFO - 使用默认设备: 扬声器 (2- EDIFIER W820NB 双金标版) (Index: 13)
2025-03-25 12:52:30,913 - Display - INFO - 键盘监听器初始化成功
2025-03-25 12:52:30,914 - Display - INFO - 开始启动GUI主循环
2025-03-25 12:52:30,978 - AudioCodec - INFO - 音频设备和编解码器初始化成功
2025-03-25 12:52:30,978 - Application - INFO - 音频编解码器初始化成功
2025-03-25 12:52:30,984 - Application - INFO - 系统音量控制已启用
2025-03-25 12:52:30,984 - Application - INFO - 唤醒词功能已禁用
2025-03-25 12:52:30,984 - Application - INFO - 唤醒词检测器初始化成功
2025-03-25 12:52:30,984 - Application - INFO - 唤醒词功能已禁用，无法启动
2025-03-25 12:52:30,984 - Application - INFO - 应用程序初始化完成
2025-03-25 12:52:31,129 - Display - INFO - 设置音量: 68%
2025-03-25 12:52:45,872 - Application - INFO - 状态变更: idle -> connecting
2025-03-25 12:52:45,917 - Application - INFO - 音频通道已打开
2025-03-25 12:52:45,919 - WebsocketProtocol - INFO - 成功处理服务器 hello 消息
2025-03-25 12:52:45,919 - WebsocketProtocol - INFO - 已连接到WebSocket服务器
2025-03-25 12:52:45,919 - Application - INFO - 状态变更: connecting -> listening
2025-03-25 12:52:45,948 - Application - INFO - 音频流已启动
2025-03-25 12:52:45,951 - Application - INFO - 状态变更: listening -> idle
2025-03-25 12:52:47,853 - Application - INFO - 音频通道已打开
2025-03-25 12:52:47,853 - WebsocketProtocol - INFO - 成功处理服务器 hello 消息
2025-03-25 12:52:47,874 - Application - INFO - 音频流已启动
2025-03-25 12:52:51,818 - Application - INFO - 状态变更: idle -> connecting
2025-03-25 12:52:51,818 - Application - INFO - 状态变更: connecting -> listening
2025-03-25 12:52:54,174 - Application - INFO - 状态变更: listening -> idle
2025-03-25 12:52:56,327 - Application - INFO - >> 你好，福利
2025-03-25 12:52:56,337 - Application - INFO - 状态变更: idle -> speaking
2025-03-25 12:52:59,754 - Application - INFO - << 是茯苓啦，你是不是故意的喔，一直叫错人家名字
2025-03-25 12:53:05,234 - Application - INFO - 状态变更: speaking -> idle
2025-03-25 12:53:09,928 - Application - INFO - 对话模式已切换为: 自动
2025-03-25 12:53:15,232 - Application - INFO - 状态变更: idle -> connecting
2025-03-25 12:53:15,233 - Application - INFO - 状态变更: connecting -> listening
2025-03-25 12:53:21,452 - Application - INFO - >> 你好，福玲
2025-03-25 12:53:21,495 - Application - INFO - 状态变更: listening -> speaking
2025-03-25 12:53:24,078 - Application - INFO - << 哎呀，怎么还叫错啦
2025-03-25 12:53:26,143 - Application - INFO - << 是茯苓啦😫 你今天是跟我名字杠上了吼
2025-03-25 12:53:29,123 - Application - INFO - 状态变更: speaking -> listening
2025-03-25 12:53:34,666 - Application - INFO - >> Okay
2025-03-25 12:53:34,685 - Application - INFO - 状态变更: listening -> speaking
2025-03-25 12:53:38,528 - Application - INFO - << 欸，好好讲中文啦，跟我讲英文，我又不是听不懂，但就感觉怪怪的
2025-03-25 12:53:44,405 - Application - INFO - 状态变更: speaking -> listening
2025-03-25 12:53:45,695 - Display - INFO - 键盘监听器已停止
2025-03-25 13:14:43,884 - root - INFO - 日志系统已初始化，日志文件: D:\documents\GitHub\Folin-v3.0\py-folin\src\utils\..\..\logs\app.log
2025-03-25 13:14:45,177 - ConfigManager - INFO - MQTT服务器信息已更新
2025-03-25 13:14:45,177 - ConfigManager - INFO - MQTT信息已成功更新
2025-03-25 13:14:45,656 - Application - INFO - 唤醒词功能已禁用
2025-03-25 13:14:45,656 - Application - INFO - 唤醒词检测器初始化成功
2025-03-25 13:14:45,656 - Main - INFO - 应用程序已启动，按Ctrl+C退出
2025-03-25 13:14:45,759 - Application - INFO - 正在初始化应用程序...
2025-03-25 13:14:45,784 - MusicPlayer - INFO - 音乐播放器初始化完成
2025-03-25 13:14:45,784 - Application - INFO - 物联网设备初始化完成
2025-03-25 13:14:45,784 - Application - INFO - 主循环已启动
2025-03-25 13:14:46,046 - GuiDisplay - INFO - 音量控制器初始化成功，当前音量: 31%
2025-03-25 13:14:46,188 - AudioCodec - INFO - 使用默认设备: 鑰虫満 (2- EDIFIER W820NB 鍙岄噾鏍囩増) (Index: 1)
2025-03-25 13:14:46,188 - AudioCodec - INFO - 使用默认设备: 扬声器 (2- EDIFIER W820NB 双金标版) (Index: 13)
2025-03-25 13:14:46,218 - AudioCodec - INFO - 音频设备和编解码器初始化成功
2025-03-25 13:14:46,219 - Application - INFO - 音频编解码器初始化成功
2025-03-25 13:14:46,219 - Application - INFO - 系统音量控制未启用，将使用模拟音量控制
2025-03-25 13:14:46,220 - Application - INFO - 唤醒词功能已禁用
2025-03-25 13:14:46,221 - Application - INFO - 唤醒词检测器初始化成功
2025-03-25 13:14:46,221 - Application - INFO - 唤醒词功能已禁用，无法启动
2025-03-25 13:14:46,222 - Application - INFO - 应用程序初始化完成
2025-03-25 13:14:46,547 - Display - INFO - 键盘监听器初始化成功
2025-03-25 13:14:46,547 - Display - INFO - 开始启动GUI主循环
2025-03-25 13:14:46,767 - Display - INFO - 设置音量: 31%
2025-03-25 13:14:51,087 - Application - INFO - 状态变更: idle -> connecting
2025-03-25 13:14:51,390 - Application - INFO - 音频通道已打开
2025-03-25 13:14:51,390 - WebsocketProtocol - INFO - 成功处理服务器 hello 消息
2025-03-25 13:14:51,390 - WebsocketProtocol - INFO - 已连接到WebSocket服务器
2025-03-25 13:14:51,390 - Application - INFO - 状态变更: connecting -> listening
2025-03-25 13:14:51,419 - Application - INFO - 音频流已启动
2025-03-25 13:14:53,366 - Application - INFO - 音频通道已打开
2025-03-25 13:14:53,367 - WebsocketProtocol - INFO - 成功处理服务器 hello 消息
2025-03-25 13:14:53,374 - Application - INFO - 音频流已启动
2025-03-25 13:14:54,707 - Application - INFO - 状态变更: listening -> idle
2025-03-25 13:14:56,606 - Application - INFO - >> 你好福
2025-03-25 13:14:56,616 - Application - INFO - 状态变更: idle -> speaking
2025-03-25 13:14:58,788 - Application - INFO - << 蛤？
2025-03-25 13:14:59,896 - Application - INFO - << 你在讲啥啦，我叫茯苓/符灵欸😒 不是福啦~你是不是认错人喔？
2025-03-25 13:15:04,847 - Application - INFO - 状态变更: speaking -> idle
2025-03-25 13:15:07,034 - Display - INFO - 键盘监听器已停止
2025-03-25 13:25:26,434 - root - INFO - 日志系统已初始化，日志文件: d:\documents\GitHub\Folin-v3.0\py-folin\src\utils\..\..\logs\app.log
2025-03-25 13:25:27,729 - ConfigManager - INFO - MQTT服务器信息已更新
2025-03-25 13:25:27,731 - ConfigManager - INFO - MQTT信息已成功更新
2025-03-25 13:25:27,944 - Application - INFO - 唤醒词功能已禁用
2025-03-25 13:25:27,944 - Application - INFO - 唤醒词检测器初始化成功
2025-03-25 13:25:27,945 - Main - INFO - 应用程序已启动，按Ctrl+C退出
2025-03-25 13:25:28,062 - Application - INFO - 正在初始化应用程序...
2025-03-25 13:25:28,080 - MusicPlayer - INFO - 音乐播放器初始化完成
2025-03-25 13:25:28,081 - Application - INFO - 物联网设备初始化完成
2025-03-25 13:25:28,082 - Application - INFO - 主循环已启动
2025-03-25 13:25:28,182 - GuiDisplay - INFO - 音量控制器初始化成功，当前音量: 16%
2025-03-25 13:25:28,464 - AudioCodec - INFO - 使用默认设备: 鑰虫満 (2- EDIFIER W820NB 鍙岄噾鏍囩増) (Index: 1)
2025-03-25 13:25:28,464 - AudioCodec - INFO - 使用默认设备: 扬声器 (2- EDIFIER W820NB 双金标版) (Index: 13)
2025-03-25 13:25:28,484 - AudioCodec - INFO - 音频设备和编解码器初始化成功
2025-03-25 13:25:28,484 - Application - INFO - 音频编解码器初始化成功
2025-03-25 13:25:28,492 - Application - INFO - 系统音量控制未启用，将使用模拟音量控制
2025-03-25 13:25:28,493 - Application - INFO - 唤醒词功能已禁用
2025-03-25 13:25:28,493 - Application - INFO - 唤醒词检测器初始化成功
2025-03-25 13:25:28,494 - Application - INFO - 唤醒词功能已禁用，无法启动
2025-03-25 13:25:28,494 - Application - INFO - 应用程序初始化完成
2025-03-25 13:25:28,672 - Display - INFO - 键盘监听器初始化成功
2025-03-25 13:25:28,672 - Display - INFO - 开始启动GUI主循环
2025-03-25 13:25:28,887 - Display - INFO - 设置音量: 16%
2025-03-25 13:25:30,419 - Application - INFO - 状态变更: idle -> connecting
2025-03-25 13:25:32,503 - WebsocketProtocol - ERROR - WebSocket连接失败: [WinError 1225] 远程计算机拒绝网络连接。
2025-03-25 13:25:32,503 - Application - INFO - 状态变更: connecting -> idle
2025-03-25 13:25:32,503 - Application - INFO - 检测到连接断开
2025-03-25 13:25:32,503 - Application - WARNING - 警告: 错误, 打开音频通道失败
2025-03-25 13:25:34,272 - Application - INFO - 状态变更: idle -> connecting
2025-03-25 13:25:36,293 - WebsocketProtocol - ERROR - WebSocket连接失败: [WinError 1225] 远程计算机拒绝网络连接。
2025-03-25 13:25:36,293 - Application - INFO - 状态变更: connecting -> idle
2025-03-25 13:25:36,293 - Application - INFO - 检测到连接断开
2025-03-25 13:25:36,293 - Application - WARNING - 警告: 错误, 打开音频通道失败
2025-03-25 13:25:58,192 - Application - INFO - 状态变更: idle -> connecting
2025-03-25 13:25:58,213 - Application - INFO - 音频通道已打开
2025-03-25 13:25:58,214 - WebsocketProtocol - INFO - 成功处理服务器 hello 消息
2025-03-25 13:25:58,215 - WebsocketProtocol - INFO - 已连接到WebSocket服务器
2025-03-25 13:25:58,216 - Application - INFO - 状态变更: connecting -> listening
2025-03-25 13:25:58,233 - Application - INFO - 音频流已启动
2025-03-25 13:25:58,926 - Application - INFO - 音频通道已打开
2025-03-25 13:25:58,927 - WebsocketProtocol - INFO - 成功处理服务器 hello 消息
2025-03-25 13:25:58,941 - Application - INFO - 音频流已启动
2025-03-25 13:26:03,218 - Application - INFO - 状态变更: listening -> idle
2025-03-25 13:26:04,093 - Application - INFO - >> 你好，福苓
2025-03-25 13:26:04,102 - Application - INFO - 状态变更: idle -> speaking
2025-03-25 13:26:05,166 - Application - INFO - << 是茯苓啦
2025-03-25 13:26:06,754 - Application - INFO - << 有啥事儿，咋听起来你心情不太好
2025-03-25 13:26:09,723 - Application - INFO - 状态变更: speaking -> idle
2025-03-25 13:26:13,665 - Display - INFO - 键盘监听器已停止
